Log file open, 03/08/15 12:34:49
LogInit:Display: Running engine for game: oD03
LogInit: Version: 4.7.2-2467323+++depot+UE4-Releases+4.7
LogInit: API Version: 2455222
LogInit: Compiled (64-bit): Mar  2 2015 23:16:34
LogInit: Compiled with Visual C++: 18.00.21005.01
LogInit: Build Configuration: Development
LogInit: Branch Name: ++depot+UE4-Releases+4.7
LogInit: Command line: 
LogInit: Base directory: C:/Program Files/Unreal Engine/4.7/Engine/Binaries/Win64/
LogInit: Rocket: 1
[2015.03.08-17.34.49:043][  0]LogTaskGraph: Started task graph with 3 named threads and 6 total threads.
[2015.03.08-17.34.49:109][  0]LogOnline:Warning: No default platform service specified for OnlineSubsystem
[2015.03.08-17.34.49:132][  0]LogInit: Presizing for 0 objects not considered by GC, pre-allocating 0 bytes.
[2015.03.08-17.34.49:142][  0]LogInit: Object subsystem initialized
[2015.03.08-17.34.49:144][  0]LogConsoleResponse:Warning: Skipping Unknown console variable: 'UIScaleCurve = (EditorCurveData=(Keys=((Time=480.000000,Value=0.444000),(Time=720.000000,Value=0.666000),(Time=1080.000000,Value=1.000000),(Time=8640.000000,Value=8.000000))),ExternalCurve=None)'
[2015.03.08-17.34.49:144][  0]LogConsoleResponse:Warning:   Found in ini file 'G:/Projects G/UnrealProjects/oD03/Saved/Config/Windows/Engine.ini', in section '[/Script/Engine.RendererSettings]'
[2015.03.08-17.34.49:148][  0]LogConsoleManager:Warning: Console variable 'r.MSAA.CompositingSampleCount' wasn't set (Priority ProjectSetting < Scalability)
[2015.03.08-17.34.49:149][  0]LogInit: Selected Device Profile: [Windows]
[2015.03.08-17.34.49:149][  0]LogInit: Applying CVar settings loaded from the selected device profile: [Windows]
[2015.03.08-17.34.49:154][  0]LogInit: Computer: DEMIGOD-PC
[2015.03.08-17.34.49:154][  0]LogInit: User: God
[2015.03.08-17.34.49:154][  0]LogInit: CPU Page size=4096, Cores=4
[2015.03.08-17.34.49:154][  0]LogInit: High frequency timer resolution =3.515670 MHz
[2015.03.08-17.34.49:154][  0]LogMemory: Memory total: Physical=15.9GB (16GB approx) Virtual=131072.0GB
[2015.03.08-17.34.49:155][  0]LogMemory: Platform Memory Stats for Windows
[2015.03.08-17.34.49:155][  0]LogMemory: Process Physical Memory: 45.59 MB used, 45.59 MB peak
[2015.03.08-17.34.49:155][  0]LogMemory: Process Virtual Memory: 22.52 MB used, 22.58 MB peak
[2015.03.08-17.34.49:155][  0]LogMemory: Physical Memory: 7516.91 MB used, 16296.61 MB total
[2015.03.08-17.34.49:155][  0]LogMemory: Virtual Memory: 286.77 MB used, 134217728.00 MB total
[2015.03.08-17.34.49:186][  0]LogD3D11RHI: Found D3D11 adapter 0: NVIDIA GeForce GTX 780 (Feature Level 11_0)
[2015.03.08-17.34.49:186][  0]LogD3D11RHI: Adapter has 2962MB of dedicated video memory, 0MB of dedicated system memory, and 8148MB of shared system memory, 2 output[s]
[2015.03.08-17.34.49:213][  0]LogD3D11RHI: Found D3D11 adapter 1: NVIDIA GeForce GTX 780 (Feature Level 11_0)
[2015.03.08-17.34.49:213][  0]LogD3D11RHI: Adapter has 2962MB of dedicated video memory, 0MB of dedicated system memory, and 8148MB of shared system memory, 0 output[s]
[2015.03.08-17.34.49:214][  0]LogD3D11RHI: Found D3D11 adapter 2: Microsoft Basic Render Driver (Feature Level 11_0)
[2015.03.08-17.34.49:214][  0]LogD3D11RHI: Adapter has 0MB of dedicated video memory, 0MB of dedicated system memory, and 256MB of shared system memory, 0 output[s]
[2015.03.08-17.34.49:214][  0]LogD3D11RHI: Chosen D3D11 Adapter Id = 0
[2015.03.08-17.34.49:221][  0]LogRHI: Texture pool is 1361 MB (70% of 1945 MB)
[2015.03.08-17.34.49:234][  0]LogD3D11RHI: Async texture creation enabled
[2015.03.08-17.34.49:718][  0]LogTextLocalizationManager: The requested culture ('en_US') has no localization data; parent culture's ('en') localization data will be used.
[2015.03.08-17.34.49:837][  0]LogContentStreaming: Texture pool size is 0.000000MB
[2015.03.08-17.34.52:324][  0]LogTargetPlatformManager:Display: Building Assets For Windows
[2015.03.08-17.34.53:090][  0]LogTargetPlatformManager:Display: Building Assets For Windows
[2015.03.08-17.34.53:198][  0]LogDerivedDataCache:Display: Max Cache Size: 512 MB
[2015.03.08-17.34.53:277][  0]LogDerivedDataCache: Loaded boot cache 0.08s 81MB C:/Users/God/AppData/Local/UnrealEngine/4.7/DerivedDataCache/Boot.ddc.
[2015.03.08-17.34.53:277][  0]LogDerivedDataCache:Display: Loaded Boot cache: C:/Users/God/AppData/Local/UnrealEngine/4.7/DerivedDataCache/Boot.ddc
[2015.03.08-17.34.53:277][  0]LogDerivedDataCache: FDerivedDataBackendGraph:  Pak pak cache file G:/Projects G/UnrealProjects/oD03/DerivedDataCache/DDC.ddp not found, will not use a pak cache.
[2015.03.08-17.34.53:277][  0]LogDerivedDataCache: Unable to find inner node Pak for hierarchical cache Hierarchy.
[2015.03.08-17.34.53:393][  0]LogDerivedDataCache:Display: Pak cache opened for reading ../../../Engine/DerivedDataCache/Compressed.ddp.
[2015.03.08-17.34.53:405][  0]LogDerivedDataCache: Using Local data cache path C:/Users/God/AppData/Local/UnrealEngine/Common/DerivedDataCache: Writable
[2015.03.08-17.34.53:763][  0]LogMeshUtilities: No automatic mesh reduction module available
[2015.03.08-17.34.53:763][  0]LogMeshUtilities: No automatic mesh merging module available
[2015.03.08-17.34.54:245][  0]LogInit: WinSock: version 1.1 (2.2), MaxSocks=32767, MaxUdp=65467
[2015.03.08-17.34.54:405][  0]LogSlate:Warning: Failed to load font data from '../../../Engine/Content/Slate/Fonts/Roboto-Italic.ttf'
[2015.03.08-17.34.55:638][  0]UdpMessaging: Initializing bridge on interface 0.0.0.0:0 to multicast group 230.0.0.1:6666.
[2015.03.08-17.34.55:986][  0]SourceControl: Info Source control is disabled
[2015.03.08-17.34.55:986][  0]SourceControl: Info Source control is disabled
[2015.03.08-17.34.55:986][  0]SourceControl: Info Source control is disabled
[2015.03.08-17.34.55:986][  0]LogSourceControl: RunCommandInternalRaw: 'git version'
[2015.03.08-17.34.55:986][  0]LogSourceControl: RunCommandInternalRaw: ExecProcess ReturnCode=2 OutResults=''
[2015.03.08-17.34.56:005][  0]SourceControl: Info Source control is disabled
[2015.03.08-17.34.56:350][  0]LogObj: 24231 objects as part of root set at end of initial load.
[2015.03.08-17.34.56:350][  0]LogUObjectAllocator: 5136440 out of 0 bytes used by permanent object pool.
[2015.03.08-17.34.56:452][  0]LogEngine: Initializing Engine...
[2015.03.08-17.34.59:636][  0]LogInit: XAudio2 using 'Speakers (Realtek High Definition Audio)' : 2 channels at 48 kHz using 32 bits per sample (channel mask 0x3)
[2015.03.08-17.34.59:652][  0]LogInit: FAudioDevice initialized.
[2015.03.08-17.34.59:718][  0]LogAIModule: Creating AISystem for world NewWorld
[2015.03.08-17.34.59:755][  0]LogDerivedDataCache: Saved boot cache 0.04s 81MB C:/Users/God/AppData/Local/UnrealEngine/4.7/DerivedDataCache/Boot.ddc.
[2015.03.08-17.34.59:766][  0]LogInit: Texture streaming: Enabled
[2015.03.08-17.34.59:899][  0]LogAnalytics: Creating configured Analytics provider AnalyticsET
[2015.03.08-17.34.59:899][  0]LogAnalytics: ET APIKey = Rocket.Release. APIServer = http://et2.epicgames.com/ET2/. AppVersion = 4.7.2-2467323+++depot+UE4-Releases+4.7
[2015.03.08-17.34.59:899][  0]LogAnalytics: ET APIKey = Rocket.Release. DataRouterUploadURL = https://datarouter-public-service-gamedev.ol.epicgames.net/datarouter/api/v1/public/data. AppVersion = 4.7.2-2467323+++depot+UE4-Releases+4.7
[2015.03.08-17.34.59:899][  0]LogAnalytics: SetUserId d524def147c5326e38397ab9d3688bdb|e2cf041ad7824bb5bb9e9aa4dd98af35|24ec9b2a-b714-4643-bff2-5b0c9bf87867
[2015.03.08-17.34.59:899][  0]LogAnalytics: AnalyticsET::StartSession [Rocket.Release]
[2015.03.08-17.34.59:953][  0]LogInit: Transaction tracking system initialized
[2015.03.08-17.35.00:263][  0]BlueprintLog: New page: Editor Load
[2015.03.08-17.35.00:325][  0]LogAssetRegistry: FAssetRegistry took 0.0111 seconds to start up
[2015.03.08-17.35.00:325][  0]LogDirectoryWatcher:Warning: Failed to begin reading directory changes for ../../../Engine/Plugins/Experimental/CharacterAI/Content/. Error: 0
[2015.03.08-17.35.01:192][  0]LogTargetPlatformManager:Display: Building Assets For Windows
[2015.03.08-17.35.01:690][  0]LogTargetPlatformManager:Display: Building Assets For Windows
[2015.03.08-17.35.02:239][  0]LogSlate:Warning: Failed to load font data from '../../../Engine/Content/Editor/Slate/Fonts/Roboto-Regular.ttf'
[2015.03.08-17.35.02:240][  0]LogSlate:Warning: Failed to load font data from '../../../Engine/Content/Editor/Slate/Fonts/Roboto-Bold.ttf'
[2015.03.08-17.35.02:247][  0]LogConsoleResponse:Display: 
[2015.03.08-17.35.02:441][  0]LogCook:Display: Done creating registry. It took  0.00s.
[2015.03.08-17.35.02:700][  0]SourceControl: Info Source control is disabled
[2015.03.08-17.35.02:701][  0]Cmd: MAP LOAD FILE="G:/Projects G/UnrealProjects/oD03/Content/Maps/Example_Map.umap" TEMPLATE=0 SHOWPROGRESS=1 FEATURELEVEL=3
[2015.03.08-17.35.02:701][  0]LightingResults: New page: Lighting Build
[2015.03.08-17.35.02:722][  0]MapCheck: New page: Map Check
[2015.03.08-17.35.02:722][  0]LightingResults: New page: Lighting Build
[2015.03.08-17.35.02:728][  0]LogParticles: Destroying 0 GPU particle simulations for FXSystem 0x000000092CEE6980
[2015.03.08-17.35.03:705][  0]LogEditorServer: Finished looking for orphan Actors (0.000 secs)
[2015.03.08-17.35.03:705][  0]LogAIModule: Creating AISystem for world Example_Map
[2015.03.08-17.35.03:706][  0]Cmd: MAP CHECKDEP
[2015.03.08-17.35.03:706][  0]MapCheck: New page: Example_Map - Mar 8, 2015, 7:35:03 AM
[2015.03.08-17.35.03:887][  0]MapCheck: Info Map check complete: 0 Error(s), 0 Warning(s), took 180.518ms to complete.
[2015.03.08-17.35.03:887][  0]LogFileHelpers: Loading map 'Example_Map' took 1.186
[2015.03.08-17.35.03:997][  0]LogCollectionManager: Loaded 0 collections in 0.002445 seconds
[2015.03.08-17.35.04:010][  0]LogContentBrowser: Native class hierarchy populated in 0.0126 seconds. Added 1696 classes and 261 folders.
[2015.03.08-17.35.04:134][  0]LogContentBrowser: Native class hierarchy updated for 'SceneOutliner' in 0.0053 seconds. Added 1 classes and 2 folders.
[2015.03.08-17.35.04:219][  0]LogCrashTracker: Crashtracker disabled due to settings.
[2015.03.08-17.35.04:222][  0]LogSlate:Warning: Failed to load font data from 'Veranda'
[2015.03.08-17.35.04:230][  0]LogUObjectGlobals:Warning: Failed to find object 'Class None.'
[2015.03.08-17.35.04:257][  0]LogLoad: Full Startup: 17.53 seconds (BP compile: 0.12 seconds)
[2015.03.08-17.35.04:299][  0]LogContentBrowser:Verbose: The content browser source was changed by the sources view to '/Game/Blueprints'
[2015.03.08-17.35.04:526][  0]LogRenderer:Warning: Reallocating scene render targets to support 1144x928 (Frame:2).
[2015.03.08-17.35.04:852][  5]LogAssetRegistry: Asset discovery search completed in 4.5385 seconds
[2015.03.08-17.35.07:777][341]LogPlayLevel: PIE:  No blueprints needed recompiling
[2015.03.08-17.35.07:777][341]PIE: New page: PIE session: Example_Map (Mar 8, 2015, 7:35:07 AM)
[2015.03.08-17.35.07:810][341]LogPlayLevel: PIE: StaticDuplicateObject took: (0.032603s)
[2015.03.08-17.35.07:811][341]LogPlayLevel: PIE: World Init took: (0.000781s)
[2015.03.08-17.35.07:811][341]LogPlayLevel: PIE: Created PIE world by copying editor world from /Game/Maps/Example_Map.Example_Map to /Game/Maps/UEDPIE_0_Example_Map.Example_Map (0.033626s)
[2015.03.08-17.35.09:193][341]LogAnimation:Warning: UAnimMontage::PostLoad: The actual sequence length for montage FPP_Fire_Montage does not match the length stored in the asset, please resave the montage asset.
[2015.03.08-17.35.09:209][341]LogTexture:Display: Building textures: T_Burst_M (AutoDXT)
[2015.03.08-17.35.09:338][341]LogMaterial: Missing cached shader map for material M_Burst, compiling. 
[2015.03.08-17.35.09:576][341]LogTexture:Display: Building textures: T_Explosion_SubUV (AutoDXT)
[2015.03.08-17.35.11:558][341]LogMaterial: Missing cached shader map for material M_explosion_subUV, compiling. 
[2015.03.08-17.35.11:567][341]LogMaterial: Missing cached shader map for material m_flare_01, compiling. 
[2015.03.08-17.35.11:579][341]LogMaterial: Missing cached shader map for material M_radial_ramp, compiling. 
[2015.03.08-17.35.11:770][341]LogTexture:Display: Building textures: T_Smoke_SubUV (AutoDXT)
[2015.03.08-17.35.15:498][341]LogTexture:Display: Building textures: T_Smoke_Tiled_D (AutoDXT)
[2015.03.08-17.35.15:544][341]LogMaterial: Missing cached shader map for material M_smoke_subUV, compiling. 
[2015.03.08-17.35.15:646][341]LogTexture:Display: Building textures: T_Fire_SubUV (AutoDXT)
[2015.03.08-17.35.16:064][341]LogTexture:Display: Building textures: T_Fire_Tiled_D (AutoDXT)
[2015.03.08-17.35.16:391][341]LogMaterial: Missing cached shader map for material M_Fire_SubUV, compiling. 
[2015.03.08-17.35.16:421][341]LogTexture:Display: Building textures: ThumbnailTexture (DXT1)
[2015.03.08-17.35.16:630][341]LogTexture:Display: Building textures: T_Water_N (BC5)
[2015.03.08-17.35.17:176][341]LogMaterial: Missing cached shader map for material M_Heat_Distortion, compiling. 
[2015.03.08-17.35.17:192][341]LogMaterial: Missing cached shader map for material M_Radial_Gradient, compiling. 
[2015.03.08-17.35.17:287][341]LogTexture:Display: Building textures: ThumbnailTexture (DXT1)
[2015.03.08-17.35.17:434][341]BlueprintLog:Warning: Warning Blueprint MyHUD has been migrated and requires re-saving to avoid import errors
[2015.03.08-17.35.17:440][341]BlueprintLog:Warning: Warning Blueprint MyGame has been migrated and requires re-saving to avoid import errors
[2015.03.08-17.35.17:442][341]LogWorld: Game class is 'MyGame_C'
[2015.03.08-17.35.17:445][341]LogAIModule: Creating AISystem for world Example_Map
[2015.03.08-17.35.17:451][341]LogWorld: Bringing World /Game/Maps/UEDPIE_0_Example_Map.Example_Map up for play (max tick rate 0) at 2015.03.08-12.35.17
[2015.03.08-17.35.17:452][341]LogWorld: Bringing up level for play took: 0.006136
[2015.03.08-17.35.17:457][341]PIE: Info Play in editor start time for /Game/Maps/UEDPIE_0_Example_Map 10.328
[2015.03.08-17.36.17:157][446]LogActorComponent: UnregisterComponent: (/Engine/Transient.ProjectileMovementComponent_40__A6522401) Not registered. Aborting.
[2015.03.08-17.36.17:157][446]LogActorComponent: UnregisterComponent: (/Engine/Transient.CharMoveComp) Not registered. Aborting.
[2015.03.08-17.36.32:622][311]LogParticles: Destroying 0 GPU particle simulations for FXSystem 0x0000000928ED84A0
[2015.03.08-17.36.48:960][175]Cmd: QUIT_EDITOR
[2015.03.08-17.36.49:153][175]LogExit: Preparing to exit.
[2015.03.08-17.36.49:779][175]LogExit: Editor shut down
[2015.03.08-17.36.49:780][175]LogExit: Transaction tracking system shut down
[2015.03.08-17.36.49:780][175]LogParticles: Destroying 0 GPU particle simulations for FXSystem 0x00000009238425C0
[2015.03.08-17.36.49:781][175]LogParticles: Destroying 0 GPU particle simulations for FXSystem 0x0000000929059260
[2015.03.08-17.36.49:781][175]LogParticles: Destroying 0 GPU particle simulations for FXSystem 0x00000009445C87C0
[2015.03.08-17.36.49:825][175]LogExit: Object subsystem successfully closed.
[2015.03.08-17.36.49:912][175]LogModuleManager: Shutting down and abandoning module CrashTracker (177)
[2015.03.08-17.36.49:912][175]LogModuleManager: Shutting down and abandoning module SuperSearch (176)
[2015.03.08-17.36.49:912][175]LogModuleManager: Shutting down and abandoning module SceneOutliner (175)
[2015.03.08-17.36.49:912][175]LogModuleManager: Shutting down and abandoning module EditorWidgets (174)
[2015.03.08-17.36.49:912][175]LogModuleManager: Shutting down and abandoning module CollectionManager (173)
[2015.03.08-17.36.49:912][175]LogModuleManager: Shutting down and abandoning module StatsViewer (172)
[2015.03.08-17.36.49:912][175]LogModuleManager: Shutting down and abandoning module FoliageEdit (171)
[2015.03.08-17.36.49:912][175]LogModuleManager: Shutting down and abandoning module LandscapeEditor (170)
[2015.03.08-17.36.49:912][175]LogModuleManager: Shutting down and abandoning module MeshPaint (169)
[2015.03.08-17.36.49:912][175]LogModuleManager: Shutting down and abandoning module ActorPickerMode (168)
[2015.03.08-17.36.49:912][175]LogModuleManager: Shutting down and abandoning module GeometryMode (167)
[2015.03.08-17.36.49:912][175]LogModuleManager: Shutting down and abandoning module TextureAlignMode (166)
[2015.03.08-17.36.49:912][175]LogModuleManager: Shutting down and abandoning module BspMode (165)
[2015.03.08-17.36.49:912][175]LogModuleManager: Shutting down and abandoning module PlacementMode (164)
[2015.03.08-17.36.49:912][175]LogModuleManager: Shutting down and abandoning module AutomationWorker (163)
[2015.03.08-17.36.49:912][175]LogModuleManager: Shutting down and abandoning module CharacterAI (162)
[2015.03.08-17.36.49:912][175]LogModuleManager: Shutting down and abandoning module SmartSnapping (161)
[2015.03.08-17.36.49:912][175]LogModuleManager: Shutting down and abandoning module ViewportSnapping (160)
[2015.03.08-17.36.49:912][175]LogModuleManager: Shutting down and abandoning module LogVisualizer (159)
[2015.03.08-17.36.49:912][175]LogModuleManager: Shutting down and abandoning module GameProjectGeneration (158)
[2015.03.08-17.36.49:912][175]LogModuleManager: Shutting down and abandoning module IntroTutorials (157)
[2015.03.08-17.36.49:912][175]LogModuleManager: Shutting down and abandoning module EditorLiveStreaming (156)
[2015.03.08-17.36.49:912][175]LogModuleManager: Shutting down and abandoning module HardwareTargeting (155)
[2015.03.08-17.36.49:912][175]LogModuleManager: Shutting down and abandoning module DeviceProfileEditor (154)
[2015.03.08-17.36.49:912][175]LogModuleManager: Shutting down and abandoning module UndoHistory (153)
[2015.03.08-17.36.49:912][175]LogModuleManager: Shutting down and abandoning module GameplayTagsEditor (152)
[2015.03.08-17.36.49:912][175]LogModuleManager: Shutting down and abandoning module UserFeedback (151)
[2015.03.08-17.36.49:912][175]LogModuleManager: Shutting down and abandoning module XmlParser (150)
[2015.03.08-17.36.49:912][175]LogModuleManager: Shutting down and abandoning module Blutility (149)
[2015.03.08-17.36.49:912][175]LogModuleManager: Shutting down and abandoning module IOSPlatformEditor (148)
[2015.03.08-17.36.49:912][175]LogModuleManager: Shutting down and abandoning module IOSRuntimeSettings (147)
[2015.03.08-17.36.49:912][175]LogModuleManager: Shutting down and abandoning module AndroidDeviceDetection (146)
[2015.03.08-17.36.49:937][175]LogModuleManager: Shutting down and abandoning module AndroidPlatformEditor (145)
[2015.03.08-17.36.49:937][175]LogModuleManager: Shutting down and abandoning module AndroidRuntimeSettings (144)
[2015.03.08-17.36.49:937][175]LogModuleManager: Shutting down and abandoning module ProjectTargetPlatformEditor (143)
[2015.03.08-17.36.49:937][175]LogModuleManager: Shutting down and abandoning module ProjectSettingsViewer (142)
[2015.03.08-17.36.49:937][175]LogModuleManager: Shutting down and abandoning module InputBindingEditor (141)
[2015.03.08-17.36.49:937][175]LogModuleManager: Shutting down and abandoning module EditorSettingsViewer (140)
[2015.03.08-17.36.49:937][175]LogModuleManager: Shutting down and abandoning module SettingsEditor (139)
[2015.03.08-17.36.49:937][175]LogModuleManager: Shutting down and abandoning module ProjectLauncher (138)
[2015.03.08-17.36.49:937][175]LogModuleManager: Shutting down and abandoning module SessionFrontend (137)
[2015.03.08-17.36.49:937][175]LogModuleManager: Shutting down and abandoning module ProfilerClient (136)
[2015.03.08-17.36.49:937][175]LogModuleManager: Shutting down and abandoning module TargetDeviceServices (135)
[2015.03.08-17.36.49:937][175]LogModuleManager: Shutting down and abandoning module DeviceManager (134)
[2015.03.08-17.36.49:937][175]LogModuleManager: Shutting down and abandoning module AutomationController (133)
[2015.03.08-17.36.49:937][175]LogModuleManager: Shutting down and abandoning module AutomationWindow (132)
[2015.03.08-17.36.49:937][175]LogModuleManager: Shutting down and abandoning module Layers (131)
[2015.03.08-17.36.49:937][175]LogModuleManager: Shutting down and abandoning module ComponentVisualizers (130)
[2015.03.08-17.36.49:937][175]LogModuleManager: Shutting down and abandoning module DetailCustomizations (129)
[2015.03.08-17.36.49:937][175]LogModuleManager: Shutting down and abandoning module PackagesDialog (128)
[2015.03.08-17.36.49:937][175]LogModuleManager: Shutting down and abandoning module AssetRegistry (127)
[2015.03.08-17.36.50:023][175]LogModuleManager: Shutting down and abandoning module Persona (126)
[2015.03.08-17.36.50:023][175]LogModuleManager: Shutting down and abandoning module SlateReflector (125)
[2015.03.08-17.36.50:023][175]LogModuleManager: Shutting down and abandoning module LevelEditor (124)
[2015.03.08-17.36.50:024][175]LogModuleManager: Shutting down and abandoning module Kismet (123)
[2015.03.08-17.36.50:024][175]LogModuleManager: Shutting down and abandoning module GraphEditor (122)
[2015.03.08-17.36.50:024][175]LogModuleManager: Shutting down and abandoning module ClassViewer (121)
[2015.03.08-17.36.50:024][175]LogModuleManager: Shutting down and abandoning module Toolbox (120)
[2015.03.08-17.36.50:024][175]LogModuleManager: Shutting down and abandoning module ModuleUI (119)
[2015.03.08-17.36.50:024][175]LogModuleManager: Shutting down and abandoning module MovieSceneTools (118)
[2015.03.08-17.36.50:024][175]LogModuleManager: Shutting down and abandoning module OutputLog (117)
[2015.03.08-17.36.50:024][175]LogModuleManager: Shutting down and abandoning module GammaUI (116)
[2015.03.08-17.36.50:024][175]LogModuleManager: Shutting down and abandoning module Documentation (115)
[2015.03.08-17.36.50:024][175]LogModuleManager: Shutting down and abandoning module GameLiveStreaming (114)
[2015.03.08-17.36.50:024][175]LogModuleManager: Shutting down and abandoning module StreamingPauseRendering (113)
[2015.03.08-17.36.50:024][175]LogModuleManager: Shutting down and abandoning module HTTP (112)
[2015.03.08-17.36.50:024][175]LogModuleManager: Shutting down and abandoning module AnalyticsET (111)
[2015.03.08-17.36.50:024][175]LogModuleManager: Shutting down and abandoning module Analytics (110)
[2015.03.08-17.36.50:024][175]LogModuleManager: Shutting down and abandoning module AITestSuite (109)
[2015.03.08-17.36.50:024][175]LogModuleManager: Shutting down and abandoning module GameplayDebugger (108)
[2015.03.08-17.36.50:024][175]LogModuleManager: Shutting down and abandoning module AIModule (107)
[2015.03.08-17.36.50:024][175]LogModuleManager: Shutting down and abandoning module ProfilerService (106)
[2015.03.08-17.36.50:255][175]LogModuleManager: Shutting down and abandoning module TaskGraph (105)
[2015.03.08-17.36.50:255][175]LogModuleManager: Shutting down and abandoning module SlateRemote (104)
[2015.03.08-17.36.50:255][175]LogModuleManager: Shutting down and abandoning module ScriptEditorPlugin (103)
[2015.03.08-17.36.50:255][175]LogModuleManager: Shutting down and abandoning module CustomMeshComponent (102)
[2015.03.08-17.36.50:255][175]LogModuleManager: Shutting down and abandoning module CableComponent (101)
[2015.03.08-17.36.50:255][175]LogModuleManager: Shutting down and abandoning module MessagingDebugger (100)
[2015.03.08-17.36.50:255][175]LogModuleManager: Shutting down and abandoning module MediaPlayerEditor (99)
[2015.03.08-17.36.50:255][175]LogModuleManager: Shutting down and abandoning module SpeedTreeImporter (98)
[2015.03.08-17.36.50:255][175]LogModuleManager: Shutting down and abandoning module PluginsEditor (97)
[2015.03.08-17.36.50:255][175]LogModuleManager: Shutting down and abandoning module MainFrame (96)
[2015.03.08-17.36.50:255][175]LogModuleManager: Shutting down and abandoning module EpicSurvey (95)
[2015.03.08-17.36.50:255][175]LogModuleManager: Shutting down and abandoning module DesktopPlatform (94)
[2015.03.08-17.36.50:255][175]LogModuleManager: Shutting down and abandoning module DirectoryWatcher (93)
[2015.03.08-17.36.50:255][175]LogModuleManager: Shutting down and abandoning module HotReload (92)
[2015.03.08-17.36.50:255][175]LogModuleManager: Shutting down and abandoning module VisualStudioSourceCodeAccess (91)
[2015.03.08-17.36.50:255][175]LogModuleManager: Shutting down and abandoning module UObjectPlugin (90)
[2015.03.08-17.36.50:255][175]LogModuleManager: Shutting down and abandoning module SubversionSourceControl (89)
[2015.03.08-17.36.50:255][175]LogModuleManager: Shutting down and abandoning module PerforceSourceControl (88)
[2015.03.08-17.36.50:255][175]LogModuleManager: Shutting down and abandoning module SourceControl (87)
[2015.03.08-17.36.50:255][175]LogModuleManager: Shutting down and abandoning module GitSourceControl (86)
[2015.03.08-17.36.50:255][175]LogModuleManager: Shutting down and abandoning module BlankPlugin (85)
[2015.03.08-17.36.50:255][175]LogModuleManager: Shutting down and abandoning module PaperTiledImporter (84)
[2015.03.08-17.36.50:255][175]LogModuleManager: Shutting down and abandoning module PaperJsonImporter (83)
[2015.03.08-17.36.50:255][175]LogModuleManager: Shutting down and abandoning module ContentBrowser (82)
[2015.03.08-17.36.50:256][175]LogModuleManager: Shutting down and abandoning module Paper2DEditor (81)
[2015.03.08-17.36.50:256][175]LogModuleManager: Shutting down and abandoning module ScriptPlugin (80)
[2015.03.08-17.36.50:256][175]LogModuleManager: Shutting down and abandoning module UdpMessaging (79)
[2015.03.08-17.36.50:357][175]LogModuleManager: Shutting down and abandoning module Paper2D (78)
[2015.03.08-17.36.50:357][175]LogModuleManager: Shutting down and abandoning module WindowsMoviePlayer (77)
[2015.03.08-17.36.50:358][175]LogModuleManager: Shutting down and abandoning module Media (76)
[2015.03.08-17.36.50:358][175]LogModuleManager: Shutting down and abandoning module WmfMedia (75)
[2015.03.08-17.36.50:359][175]LogModuleManager: Shutting down and abandoning module OnlineBlueprintSupport (74)
[2015.03.08-17.36.50:359][175]LogModuleManager: Shutting down and abandoning module PropertyEditor (73)
[2015.03.08-17.36.50:359][175]LogModuleManager: Shutting down and abandoning module BehaviorTreeEditor (72)
[2015.03.08-17.36.50:359][175]LogModuleManager: Shutting down and abandoning module FunctionalTesting (71)
[2015.03.08-17.36.50:359][175]LogModuleManager: Shutting down and abandoning module CollisionAnalyzer (70)
[2015.03.08-17.36.50:359][175]LogModuleManager: Shutting down and abandoning module WorkspaceMenuStructure (69)
[2015.03.08-17.36.50:359][175]LogModuleManager: Shutting down and abandoning module MessageLog (68)
[2015.03.08-17.36.50:359][175]LogModuleManager: Shutting down and abandoning module Sequencer (67)
[2015.03.08-17.36.50:359][175]LogModuleManager: Shutting down and abandoning module AssetTools (66)
[2015.03.08-17.36.50:359][175]LogModuleManager: Shutting down and abandoning module UMGEditor (65)
[2015.03.08-17.36.50:359][175]LogModuleManager: Shutting down and abandoning module UMG (64)
[2015.03.08-17.36.50:359][175]LogModuleManager: Shutting down and abandoning module Slate (63)
[2015.03.08-17.36.50:359][175]LogModuleManager: Shutting down and abandoning module EditorStyle (62)
[2015.03.08-17.36.50:366][175]LogModuleManager: Shutting down and abandoning module SessionServices (61)
[2015.03.08-17.36.50:366][175]LogModuleManager: Shutting down and abandoning module SourceCodeAccess (60)
[2015.03.08-17.36.50:366][175]LogModuleManager: Shutting down and abandoning module HeadMountedDisplay (59)
[2015.03.08-17.36.50:366][175]LogModuleManager: Shutting down and abandoning module XAudio2 (58)
[2015.03.08-17.36.50:366][175]LogModuleManager: Shutting down and abandoning module Networking (56)
[2015.03.08-17.36.50:366][175]LogModuleManager: Shutting down and abandoning module Core (55)
[2015.03.08-17.36.50:366][175]LogModuleManager: Shutting down and abandoning module KismetCompiler (54)
[2015.03.08-17.36.50:366][175]LogModuleManager: Shutting down and abandoning module PhysXFormats (53)
[2015.03.08-17.36.50:366][175]LogModuleManager: Shutting down and abandoning module MeshUtilities (52)
[2015.03.08-17.36.50:366][175]LogModuleManager: Shutting down and abandoning module DerivedDataCache (51)
[2015.03.08-17.36.50:509][175]LogDerivedDataCache: Shutdown
[2015.03.08-17.36.50:509][175]LogModuleManager: Shutting down and abandoning module ShaderFormatOpenGL (50)
[2015.03.08-17.36.50:509][175]LogModuleManager: Shutting down and abandoning module ShaderFormatD3D (49)
[2015.03.08-17.36.50:509][175]LogModuleManager: Shutting down and abandoning module MetalShaderFormat (48)
[2015.03.08-17.36.50:509][175]LogModuleManager: Shutting down and abandoning module TextureFormatUncompressed (47)
[2015.03.08-17.36.50:509][175]LogModuleManager: Shutting down and abandoning module TextureFormatPVR (46)
[2015.03.08-17.36.50:509][175]LogModuleManager: Shutting down and abandoning module TextureFormatIntelISPCTexComp (45)
[2015.03.08-17.36.50:509][175]LogModuleManager: Shutting down and abandoning module TextureFormatDXT (44)
[2015.03.08-17.36.50:509][175]LogModuleManager: Shutting down and abandoning module ImageWrapper (43)
[2015.03.08-17.36.50:509][175]LogModuleManager: Shutting down and abandoning module TextureFormatASTC (42)
[2015.03.08-17.36.50:509][175]LogModuleManager: Shutting down and abandoning module TextureFormatAndroid (41)
[2015.03.08-17.36.50:509][175]LogModuleManager: Shutting down and abandoning module AudioFormatOpus (40)
[2015.03.08-17.36.50:509][175]LogModuleManager: Shutting down and abandoning module AudioFormatOgg (39)
[2015.03.08-17.36.50:509][175]LogModuleManager: Shutting down and abandoning module AudioFormatADPCM (38)
[2015.03.08-17.36.50:509][175]LogModuleManager: Shutting down and abandoning module LinuxTargetPlatform (37)
[2015.03.08-17.36.50:509][175]LogModuleManager: Shutting down and abandoning module LinuxServerTargetPlatform (36)
[2015.03.08-17.36.50:509][175]LogModuleManager: Shutting down and abandoning module LinuxNoEditorTargetPlatform (35)
[2015.03.08-17.36.50:509][175]LogModuleManager: Shutting down and abandoning module Messaging (34)
[2015.03.08-17.36.50:509][175]LogModuleManager: Shutting down and abandoning module IOSTargetPlatform (33)
[2015.03.08-17.36.50:509][175]LogModuleManager: Shutting down and abandoning module HTML5TargetPlatform (32)
[2015.03.08-17.36.50:509][175]LogModuleManager: Shutting down and abandoning module Android_PVRTCTargetPlatform (31)
[2015.03.08-17.36.50:509][175]LogModuleManager: Shutting down and abandoning module Android_ETC2TargetPlatform (30)
[2015.03.08-17.36.50:509][175]LogModuleManager: Shutting down and abandoning module Android_ETC1TargetPlatform (29)
[2015.03.08-17.36.50:509][175]LogModuleManager: Shutting down and abandoning module Android_ES31TargetPlatform (28)
[2015.03.08-17.36.50:509][175]LogModuleManager: Shutting down and abandoning module Android_DXTTargetPlatform (27)
[2015.03.08-17.36.50:509][175]LogModuleManager: Shutting down and abandoning module Android_ATCTargetPlatform (26)
[2015.03.08-17.36.50:509][175]LogModuleManager: Shutting down and abandoning module AndroidTargetPlatform (25)
[2015.03.08-17.36.50:509][175]LogModuleManager: Shutting down and abandoning module WindowsTargetPlatform (24)
[2015.03.08-17.36.50:509][175]LogModuleManager: Shutting down and abandoning module WindowsServerTargetPlatform (23)
[2015.03.08-17.36.50:509][175]LogModuleManager: Shutting down and abandoning module WindowsNoEditorTargetPlatform (22)
[2015.03.08-17.36.50:509][175]LogModuleManager: Shutting down and abandoning module WindowsClientTargetPlatform (21)
[2015.03.08-17.36.50:509][175]LogModuleManager: Shutting down and abandoning module TargetPlatform (20)
[2015.03.08-17.36.50:509][175]LogModuleManager: Shutting down and abandoning module InputCore (19)
[2015.03.08-17.36.50:509][175]LogModuleManager: Shutting down and abandoning module Settings (18)
[2015.03.08-17.36.50:509][175]LogModuleManager: Shutting down and abandoning module OnlineSubsystem (16)
[2015.03.08-17.36.50:509][175]LogModuleManager: Shutting down and abandoning module OculusRift (15)
[2015.03.08-17.36.50:509][175]LogModuleManager: Shutting down and abandoning module ExampleDeviceProfileSelector (14)
[2015.03.08-17.36.50:509][175]LogModuleManager: Shutting down and abandoning module TextureCompressor (13)
[2015.03.08-17.36.50:509][175]LogModuleManager: Shutting down and abandoning module ShaderCore (12)
[2015.03.08-17.36.50:509][175]LogModuleManager: Shutting down and abandoning module Landscape (11)
[2015.03.08-17.36.50:509][175]LogModuleManager: Shutting down and abandoning module SlateRHIRenderer (10)
[2015.03.08-17.36.50:511][175]LogModuleManager: Shutting down and abandoning module OpenGLDrv (9)
[2015.03.08-17.36.50:511][175]LogModuleManager: Shutting down and abandoning module D3D11RHI (8)
[2015.03.08-17.36.50:511][175]LogModuleManager: Shutting down and abandoning module Renderer (7)
[2015.03.08-17.36.50:511][175]LogModuleManager: Shutting down and abandoning module Engine (6)
[2015.03.08-17.36.50:511][175]LogModuleManager: Shutting down and abandoning module CoreUObject (5)
[2015.03.08-17.36.50:511][175]LogModuleManager: Shutting down and abandoning module NetworkFile (4)
[2015.03.08-17.36.50:511][175]LogModuleManager: Shutting down and abandoning module StreamingFile (3)
[2015.03.08-17.36.50:511][175]LogModuleManager: Shutting down and abandoning module SandboxFile (2)
[2015.03.08-17.36.50:511][175]LogModuleManager: Shutting down and abandoning module PakFile (1)
[2015.03.08-17.36.50:511][175]LogExit: Exiting.
[2015.03.08-17.36.50:519][175]Log file closed, 03/08/15 12:36:50
