Log file open, 03/22/15 22:30:20
LogInit:Display: Running engine for game: oD03
LogInit: Version: 4.7.3-2479750+++depot+UE4-Releases+4.7
LogInit: API Version: 2455222
LogInit: Compiled (64-bit): Mar 15 2015 23:20:45
LogInit: Compiled with Visual C++: 18.00.21005.01
LogInit: Build Configuration: Development
LogInit: Branch Name: ++depot+UE4-Releases+4.7
LogInit: Command line: 
LogInit: Base directory: C:/Program Files/Unreal Engine/4.7/Engine/Binaries/Win64/
LogInit: Rocket: 1
[2015.03.23-03.30.20:230][  0]LogTaskGraph: Started task graph with 3 named threads and 6 total threads.
[2015.03.23-03.30.20:302][  0]LogOnline:Warning: No default platform service specified for OnlineSubsystem
[2015.03.23-03.30.20:328][  0]LogInit: Presizing for 0 objects not considered by GC, pre-allocating 0 bytes.
[2015.03.23-03.30.20:339][  0]LogInit: Object subsystem initialized
[2015.03.23-03.30.20:341][  0]LogConsoleResponse:Warning: Skipping Unknown console variable: 'UIScaleCurve = (EditorCurveData=(Keys=((Time=480.000000,Value=0.444000),(Time=720.000000,Value=0.666000),(Time=1080.000000,Value=1.000000),(Time=8640.000000,Value=8.000000))),ExternalCurve=None)'
[2015.03.23-03.30.20:341][  0]LogConsoleResponse:Warning:   Found in ini file 'G:/Projects G/UnrealProjects/oD03/Saved/Config/Windows/Engine.ini', in section '[/Script/Engine.RendererSettings]'
[2015.03.23-03.30.20:341][  0]LogConsoleManager:Warning: Console variable 'r.MSAA.CompositingSampleCount' wasn't set (Priority ProjectSetting < Scalability)
[2015.03.23-03.30.20:341][  0]LogInit: Selected Device Profile: [Windows]
[2015.03.23-03.30.20:341][  0]LogInit: Applying CVar settings loaded from the selected device profile: [Windows]
[2015.03.23-03.30.20:359][  0]LogInit: Computer: DEMIGOD-PC
[2015.03.23-03.30.20:359][  0]LogInit: User: God
[2015.03.23-03.30.20:359][  0]LogInit: CPU Page size=4096, Cores=4
[2015.03.23-03.30.20:359][  0]LogInit: High frequency timer resolution =3.515664 MHz
[2015.03.23-03.30.20:359][  0]LogMemory: Memory total: Physical=15.9GB (16GB approx) Virtual=131072.0GB
[2015.03.23-03.30.20:360][  0]LogMemory: Platform Memory Stats for Windows
[2015.03.23-03.30.20:360][  0]LogMemory: Process Physical Memory: 45.53 MB used, 45.53 MB peak
[2015.03.23-03.30.20:360][  0]LogMemory: Process Virtual Memory: 22.42 MB used, 22.43 MB peak
[2015.03.23-03.30.20:360][  0]LogMemory: Physical Memory: 7386.27 MB used, 16296.61 MB total
[2015.03.23-03.30.20:360][  0]LogMemory: Virtual Memory: 288.37 MB used, 134217728.00 MB total
[2015.03.23-03.30.20:398][  0]LogD3D11RHI: Found D3D11 adapter 0: NVIDIA GeForce GTX 780 (Feature Level 11_0)
[2015.03.23-03.30.20:398][  0]LogD3D11RHI: Adapter has 2962MB of dedicated video memory, 0MB of dedicated system memory, and 8148MB of shared system memory, 2 output[s]
[2015.03.23-03.30.20:428][  0]LogD3D11RHI: Found D3D11 adapter 1: NVIDIA GeForce GTX 780 (Feature Level 11_0)
[2015.03.23-03.30.20:428][  0]LogD3D11RHI: Adapter has 2962MB of dedicated video memory, 0MB of dedicated system memory, and 8148MB of shared system memory, 0 output[s]
[2015.03.23-03.30.20:429][  0]LogD3D11RHI: Found D3D11 adapter 2: Microsoft Basic Render Driver (Feature Level 11_0)
[2015.03.23-03.30.20:429][  0]LogD3D11RHI: Adapter has 0MB of dedicated video memory, 0MB of dedicated system memory, and 256MB of shared system memory, 0 output[s]
[2015.03.23-03.30.20:429][  0]LogD3D11RHI: Chosen D3D11 Adapter Id = 0
[2015.03.23-03.30.20:433][  0]LogRHI: Texture pool is 1361 MB (70% of 1945 MB)
[2015.03.23-03.30.20:449][  0]LogD3D11RHI: Async texture creation enabled
[2015.03.23-03.30.20:916][  0]LogTextLocalizationManager: The requested culture ('en_US') has no localization data; parent culture's ('en') localization data will be used.
[2015.03.23-03.30.20:968][  0]LogTextLocalizationManager:Warning: Loading localization resources contain conflicting entries for (Namespace:UICommands, Key:Save_ToolTip):
Resource: (C:/Program Files/Unreal Engine/4.7/Engine/Content/Localization/Editor/en/Editor.locres) Hash: (-29098895) String: (Saves the current level to disk)
Resource: (C:/Program Files/Unreal Engine/4.7/Engine/Content/Localization/Engine/en/Engine.locres) Hash: (-1280300587) String: (Save selected data to vlog file)
[2015.03.23-03.30.20:968][  0]LogTextLocalizationManager:Warning: Loading localization resources contain conflicting entries for (Namespace:ContentBrowser, Key:ImportAssetToolTip):
Resource: (C:/Program Files/Unreal Engine/4.7/Engine/Content/Localization/Editor/en/Editor.locres) Hash: (-630476809) String: (Import to {0}...)
Resource: (C:/Program Files/Unreal Engine/4.7/Engine/Content/Localization/Editor/en/Editor.locres) Hash: (1271782899) String: (Imports an asset from file to this folder.)
[2015.03.23-03.30.21:041][  0]LogContentStreaming: Texture pool size is 0.000000MB
[2015.03.23-03.30.23:495][  0]LogTargetPlatformManager:Display: Building Assets For Windows
[2015.03.23-03.30.24:242][  0]LogTargetPlatformManager:Display: Building Assets For Windows
[2015.03.23-03.30.24:343][  0]LogDerivedDataCache:Display: Max Cache Size: 512 MB
[2015.03.23-03.30.24:380][  0]LogDerivedDataCache: Loaded boot cache 0.04s 40MB C:/Users/God/AppData/Local/UnrealEngine/4.7/DerivedDataCache/Boot.ddc.
[2015.03.23-03.30.24:380][  0]LogDerivedDataCache:Display: Loaded Boot cache: C:/Users/God/AppData/Local/UnrealEngine/4.7/DerivedDataCache/Boot.ddc
[2015.03.23-03.30.24:380][  0]LogDerivedDataCache: FDerivedDataBackendGraph:  Pak pak cache file G:/Projects G/UnrealProjects/oD03/DerivedDataCache/DDC.ddp not found, will not use a pak cache.
[2015.03.23-03.30.24:380][  0]LogDerivedDataCache: Unable to find inner node Pak for hierarchical cache Hierarchy.
[2015.03.23-03.30.24:485][  0]LogDerivedDataCache:Display: Pak cache opened for reading ../../../Engine/DerivedDataCache/Compressed.ddp.
[2015.03.23-03.30.24:498][  0]LogDerivedDataCache: Using Local data cache path C:/Users/God/AppData/Local/UnrealEngine/Common/DerivedDataCache: Writable
[2015.03.23-03.30.24:860][  0]LogMeshUtilities: No automatic mesh reduction module available
[2015.03.23-03.30.24:860][  0]LogMeshUtilities: No automatic mesh merging module available
[2015.03.23-03.30.25:348][  0]LogInit: WinSock: version 1.1 (2.2), MaxSocks=32767, MaxUdp=65467
[2015.03.23-03.30.25:523][  0]LogSlate:Warning: Failed to load font data from '../../../Engine/Content/Slate/Fonts/Roboto-Italic.ttf'
[2015.03.23-03.30.26:822][  0]UdpMessaging: Initializing bridge on interface 0.0.0.0:0 to multicast group 230.0.0.1:6666.
[2015.03.23-03.30.27:156][  0]SourceControl: Info Source control is disabled
[2015.03.23-03.30.27:156][  0]SourceControl: Info Source control is disabled
[2015.03.23-03.30.27:156][  0]SourceControl: Info Source control is disabled
[2015.03.23-03.30.27:156][  0]LogSourceControl: RunCommandInternalRaw: 'git version'
[2015.03.23-03.30.27:156][  0]LogSourceControl: RunCommandInternalRaw: ExecProcess ReturnCode=2 OutResults=''
[2015.03.23-03.30.27:174][  0]SourceControl: Info Source control is disabled
[2015.03.23-03.30.27:514][  0]LogObj: 24231 objects as part of root set at end of initial load.
[2015.03.23-03.30.27:514][  0]LogUObjectAllocator: 5136440 out of 0 bytes used by permanent object pool.
[2015.03.23-03.30.27:614][  0]LogEngine: Initializing Engine...
[2015.03.23-03.30.29:811][  0]LogInit: XAudio2 using 'Speakers (Realtek High Definition Audio)' : 2 channels at 48 kHz using 32 bits per sample (channel mask 0x3)
[2015.03.23-03.30.29:823][  0]LogInit: FAudioDevice initialized.
[2015.03.23-03.30.29:890][  0]LogAIModule: Creating AISystem for world NewWorld
[2015.03.23-03.30.29:910][  0]LogDerivedDataCache: Saved boot cache 0.02s 40MB C:/Users/God/AppData/Local/UnrealEngine/4.7/DerivedDataCache/Boot.ddc.
[2015.03.23-03.30.29:914][  0]LogInit: Texture streaming: Enabled
[2015.03.23-03.30.30:046][  0]LogAnalytics: Creating configured Analytics provider AnalyticsET
[2015.03.23-03.30.30:046][  0]LogAnalytics: ET APIKey = Rocket.Release. APIServer = http://et2.epicgames.com/ET2/. AppVersion = 4.7.3-2479750+++depot+UE4-Releases+4.7
[2015.03.23-03.30.30:046][  0]LogAnalytics: ET APIKey = Rocket.Release. DataRouterUploadURL = https://datarouter-public-service-gamedev.ol.epicgames.net/datarouter/api/v1/public/data. AppVersion = 4.7.3-2479750+++depot+UE4-Releases+4.7
[2015.03.23-03.30.30:046][  0]LogAnalytics: SetUserId d524def147c5326e38397ab9d3688bdb|e2cf041ad7824bb5bb9e9aa4dd98af35|24ec9b2a-b714-4643-bff2-5b0c9bf87867
[2015.03.23-03.30.30:046][  0]LogAnalytics: AnalyticsET::StartSession [Rocket.Release]
[2015.03.23-03.30.30:099][  0]LogInit: Transaction tracking system initialized
[2015.03.23-03.30.30:425][  0]BlueprintLog: New page: Editor Load
[2015.03.23-03.30.30:482][  0]LogAssetRegistry: FAssetRegistry took 0.0107 seconds to start up
[2015.03.23-03.30.30:482][  0]LogDirectoryWatcher:Warning: Failed to begin reading directory changes for ../../../Engine/Plugins/Experimental/CharacterAI/Content/. Error: 0
[2015.03.23-03.30.31:286][  0]LogTargetPlatformManager:Display: Building Assets For Windows
[2015.03.23-03.30.31:753][  0]LogTargetPlatformManager:Display: Building Assets For Windows
[2015.03.23-03.30.32:204][  0]LogSlate:Warning: Failed to load font data from '../../../Engine/Content/Editor/Slate/Fonts/Roboto-Regular.ttf'
[2015.03.23-03.30.32:205][  0]LogSlate:Warning: Failed to load font data from '../../../Engine/Content/Editor/Slate/Fonts/Roboto-Bold.ttf'
[2015.03.23-03.30.32:210][  0]LogConsoleResponse:Display: 
[2015.03.23-03.30.32:411][  0]LogCook:Display: Done creating registry. It took  0.00s.
[2015.03.23-03.30.32:673][  0]SourceControl: Info Source control is disabled
[2015.03.23-03.30.32:673][  0]Cmd: MAP LOAD FILE="G:/Projects G/UnrealProjects/oD03/Content/Maps/Example_Map.umap" TEMPLATE=0 SHOWPROGRESS=1 FEATURELEVEL=3
[2015.03.23-03.30.32:686][  0]LightingResults: New page: Lighting Build
[2015.03.23-03.30.32:709][  0]MapCheck: New page: Map Check
[2015.03.23-03.30.32:709][  0]LightingResults: New page: Lighting Build
[2015.03.23-03.30.32:718][  0]LogParticles: Destroying 0 GPU particle simulations for FXSystem 0x0000005BF45AE980
[2015.03.23-03.30.33:788][  0]LogEditorServer: Finished looking for orphan Actors (0.000 secs)
[2015.03.23-03.30.33:814][  0]LogAIModule: Creating AISystem for world Example_Map
[2015.03.23-03.30.33:814][  0]Cmd: MAP CHECKDEP
[2015.03.23-03.30.33:814][  0]MapCheck: New page: Example_Map - Mar 22, 2015, 5:30:33 PM
[2015.03.23-03.30.34:007][  0]MapCheck: Info Map check complete: 0 Error(s), 0 Warning(s), took 192.755ms to complete.
[2015.03.23-03.30.34:007][  0]LogFileHelpers: Loading map 'Example_Map' took 1.334
[2015.03.23-03.30.34:116][  0]LogCollectionManager: Loaded 0 collections in 0.002393 seconds
[2015.03.23-03.30.34:131][  0]LogContentBrowser: Native class hierarchy populated in 0.0150 seconds. Added 1696 classes and 261 folders.
[2015.03.23-03.30.34:250][  0]LogContentBrowser: Native class hierarchy updated for 'SceneOutliner' in 0.0057 seconds. Added 1 classes and 2 folders.
[2015.03.23-03.30.34:329][  0]LogCrashTracker: Crashtracker disabled due to settings.
[2015.03.23-03.30.34:330][  0]LogSlate:Warning: Failed to load font data from 'Veranda'
[2015.03.23-03.30.34:337][  0]LogUObjectGlobals:Warning: Failed to find object 'Class None.'
[2015.03.23-03.30.34:363][  0]LogLoad: Full Startup: 16.67 seconds (BP compile: 0.12 seconds)
[2015.03.23-03.30.34:394][  0]LogContentBrowser:Verbose: The content browser source was changed by the sources view to '/Game/Blueprints'
[2015.03.23-03.30.34:597][  0]LogRenderer:Warning: Reallocating scene render targets to support 1144x928 (Frame:2).
[2015.03.23-03.30.34:908][  4]LogAssetRegistry: Asset discovery search completed in 4.4377 seconds
[2015.03.23-03.31.03:220][196]LogAnimation:Warning: UAnimMontage::PostLoad: The actual sequence length for montage FPP_Fire_Montage does not match the length stored in the asset, please resave the montage asset.
[2015.03.23-03.31.03:286][196]BlueprintLog:Warning: Warning Blueprint MyHUD has been migrated and requires re-saving to avoid import errors
[2015.03.23-03.31.03:289][196]BlueprintLog:Warning: Warning Blueprint MyGame has been migrated and requires re-saving to avoid import errors
[2015.03.23-03.31.24:935][553]LogSourceControl: RunCommandInternalRaw: 'git version'
[2015.03.23-03.31.24:936][553]LogSourceControl: RunCommandInternalRaw: ExecProcess ReturnCode=2 OutResults=''
[2015.03.23-03.32.18:452][827]LogSourceControl: RunCommandInternalRaw: 'git version'
[2015.03.23-03.32.18:453][827]LogSourceControl: RunCommandInternalRaw: ExecProcess ReturnCode=2 OutResults=''
[2015.03.23-03.32.18:453][827]LogSourceControl: RunCommandInternalRaw: 'git version'
[2015.03.23-03.32.18:453][827]LogSourceControl: RunCommandInternalRaw: ExecProcess ReturnCode=2 OutResults=''
[2015.03.23-03.37.19:684][ 13]LogSourceControl: RunCommandInternalRaw: 'git version'
[2015.03.23-03.37.19:685][ 13]LogSourceControl: RunCommandInternalRaw: ExecProcess ReturnCode=2 OutResults=''
[2015.03.23-03.37.19:685][ 13]LogSourceControl: RunCommandInternalRaw: 'git version'
[2015.03.23-03.37.19:685][ 13]LogSourceControl: RunCommandInternalRaw: ExecProcess ReturnCode=2 OutResults=''
[2015.03.23-03.37.32:934][536]LogActorComponent: UnregisterComponent: (/Engine/Transient.CharMoveComp) Not registered. Aborting.
[2015.03.23-03.37.32:935][536]LogActorComponent: UnregisterComponent: (/Engine/Transient.ProjectileMovementComponent_40__A6522401) Not registered. Aborting.
[2015.03.23-03.37.32:963][536]LogParticles: Destroying 0 GPU particle simulations for FXSystem 0x0000005C093F9A80
[2015.03.23-03.37.35:226][536]Cmd: OBJ SAVEPACKAGE PACKAGE="/Game/Maps/Example_Map" FILE="G:/Projects G/UnrealProjects/oD03/Content/Maps/Example_Map.umap" SILENT=true AUTOSAVING=false KEEPDIRTY=false
[2015.03.23-03.37.35:572][536]LogSavePackage: Save=141.571259ms
[2015.03.23-03.37.35:572][536]LogSavePackage: Moving 'G:/Projects G/UnrealProjects/oD03/Saved/Example_Map72E2F3224B7B75827B084BBD7D584B32.tmp' to 'G:/Projects G/UnrealProjects/oD03/Content/Maps/Example_Map.umap'
[2015.03.23-03.37.35:600][536]LogFileHelpers: Saving map 'Example_Map' took 0.611
[2015.03.23-03.39.32:909][682]SourceControl: Info Source control is disabled
[2015.03.23-03.40.08:494][408]Cmd: CLOSE_SLATE_MAINFRAME
[2015.03.23-03.40.08:494][408]LogActorComponent: UnregisterComponent: (/Engine/Transient.CharMoveComp) Not registered. Aborting.
[2015.03.23-03.40.08:495][408]LogActorComponent: UnregisterComponent: (/Engine/Transient.ProjectileMovementComponent_40__A6522401) Not registered. Aborting.
[2015.03.23-03.40.09:104][409]Cmd: QUIT_EDITOR
[2015.03.23-03.40.09:286][409]LogExit: Preparing to exit.
[2015.03.23-03.40.10:425][409]LogExit: Editor shut down
[2015.03.23-03.40.10:425][409]LogExit: Transaction tracking system shut down
[2015.03.23-03.40.10:426][409]LogParticles: Destroying 0 GPU particle simulations for FXSystem 0x0000005BFE1856C0
[2015.03.23-03.40.10:427][409]LogParticles: Destroying 0 GPU particle simulations for FXSystem 0x0000005C077D9E40
[2015.03.23-03.40.10:427][409]LogParticles: Destroying 0 GPU particle simulations for FXSystem 0x0000005BFD9E5F80
[2015.03.23-03.40.10:490][409]LogExit: Object subsystem successfully closed.
[2015.03.23-03.40.10:593][409]LogModuleManager: Shutting down and abandoning module LauncherServices (180)
[2015.03.23-03.40.10:593][409]LogModuleManager: Shutting down and abandoning module ExternalImagePicker (179)
[2015.03.23-03.40.10:593][409]LogModuleManager: Shutting down and abandoning module NewLevelDialog (178)
[2015.03.23-03.40.10:593][409]LogModuleManager: Shutting down and abandoning module CrashTracker (177)
[2015.03.23-03.40.10:593][409]LogModuleManager: Shutting down and abandoning module SuperSearch (176)
[2015.03.23-03.40.10:593][409]LogModuleManager: Shutting down and abandoning module SceneOutliner (175)
[2015.03.23-03.40.10:593][409]LogModuleManager: Shutting down and abandoning module EditorWidgets (174)
[2015.03.23-03.40.10:593][409]LogModuleManager: Shutting down and abandoning module CollectionManager (173)
[2015.03.23-03.40.10:593][409]LogModuleManager: Shutting down and abandoning module StatsViewer (172)
[2015.03.23-03.40.10:593][409]LogModuleManager: Shutting down and abandoning module FoliageEdit (171)
[2015.03.23-03.40.10:593][409]LogModuleManager: Shutting down and abandoning module LandscapeEditor (170)
[2015.03.23-03.40.10:593][409]LogModuleManager: Shutting down and abandoning module MeshPaint (169)
[2015.03.23-03.40.10:593][409]LogModuleManager: Shutting down and abandoning module ActorPickerMode (168)
[2015.03.23-03.40.10:593][409]LogModuleManager: Shutting down and abandoning module GeometryMode (167)
[2015.03.23-03.40.10:593][409]LogModuleManager: Shutting down and abandoning module TextureAlignMode (166)
[2015.03.23-03.40.10:593][409]LogModuleManager: Shutting down and abandoning module BspMode (165)
[2015.03.23-03.40.10:593][409]LogModuleManager: Shutting down and abandoning module PlacementMode (164)
[2015.03.23-03.40.10:593][409]LogModuleManager: Shutting down and abandoning module AutomationWorker (163)
[2015.03.23-03.40.10:593][409]LogModuleManager: Shutting down and abandoning module CharacterAI (162)
[2015.03.23-03.40.10:593][409]LogModuleManager: Shutting down and abandoning module SmartSnapping (161)
[2015.03.23-03.40.10:593][409]LogModuleManager: Shutting down and abandoning module ViewportSnapping (160)
[2015.03.23-03.40.10:593][409]LogModuleManager: Shutting down and abandoning module LogVisualizer (159)
[2015.03.23-03.40.10:594][409]LogModuleManager: Shutting down and abandoning module GameProjectGeneration (158)
[2015.03.23-03.40.10:594][409]LogModuleManager: Shutting down and abandoning module IntroTutorials (157)
[2015.03.23-03.40.10:594][409]LogModuleManager: Shutting down and abandoning module EditorLiveStreaming (156)
[2015.03.23-03.40.10:594][409]LogModuleManager: Shutting down and abandoning module HardwareTargeting (155)
[2015.03.23-03.40.10:594][409]LogModuleManager: Shutting down and abandoning module DeviceProfileEditor (154)
[2015.03.23-03.40.10:594][409]LogModuleManager: Shutting down and abandoning module UndoHistory (153)
[2015.03.23-03.40.10:594][409]LogModuleManager: Shutting down and abandoning module GameplayTagsEditor (152)
[2015.03.23-03.40.10:594][409]LogModuleManager: Shutting down and abandoning module UserFeedback (151)
[2015.03.23-03.40.10:594][409]LogModuleManager: Shutting down and abandoning module XmlParser (150)
[2015.03.23-03.40.10:594][409]LogModuleManager: Shutting down and abandoning module Blutility (149)
[2015.03.23-03.40.10:594][409]LogModuleManager: Shutting down and abandoning module IOSPlatformEditor (148)
[2015.03.23-03.40.10:594][409]LogModuleManager: Shutting down and abandoning module IOSRuntimeSettings (147)
[2015.03.23-03.40.10:594][409]LogModuleManager: Shutting down and abandoning module AndroidDeviceDetection (146)
[2015.03.23-03.40.11:442][409]LogModuleManager: Shutting down and abandoning module AndroidPlatformEditor (145)
[2015.03.23-03.40.11:442][409]LogModuleManager: Shutting down and abandoning module AndroidRuntimeSettings (144)
[2015.03.23-03.40.11:442][409]LogModuleManager: Shutting down and abandoning module ProjectTargetPlatformEditor (143)
[2015.03.23-03.40.11:442][409]LogModuleManager: Shutting down and abandoning module ProjectSettingsViewer (142)
[2015.03.23-03.40.11:442][409]LogModuleManager: Shutting down and abandoning module InputBindingEditor (141)
[2015.03.23-03.40.11:442][409]LogModuleManager: Shutting down and abandoning module EditorSettingsViewer (140)
[2015.03.23-03.40.11:442][409]LogModuleManager: Shutting down and abandoning module SettingsEditor (139)
[2015.03.23-03.40.11:442][409]LogModuleManager: Shutting down and abandoning module ProjectLauncher (138)
[2015.03.23-03.40.11:442][409]LogModuleManager: Shutting down and abandoning module SessionFrontend (137)
[2015.03.23-03.40.11:442][409]LogModuleManager: Shutting down and abandoning module ProfilerClient (136)
[2015.03.23-03.40.11:442][409]LogModuleManager: Shutting down and abandoning module TargetDeviceServices (135)
[2015.03.23-03.40.11:442][409]LogModuleManager: Shutting down and abandoning module DeviceManager (134)
[2015.03.23-03.40.11:442][409]LogModuleManager: Shutting down and abandoning module AutomationController (133)
[2015.03.23-03.40.11:442][409]LogModuleManager: Shutting down and abandoning module AutomationWindow (132)
[2015.03.23-03.40.11:442][409]LogModuleManager: Shutting down and abandoning module Layers (131)
[2015.03.23-03.40.11:442][409]LogModuleManager: Shutting down and abandoning module ComponentVisualizers (130)
[2015.03.23-03.40.11:442][409]LogModuleManager: Shutting down and abandoning module DetailCustomizations (129)
[2015.03.23-03.40.11:442][409]LogModuleManager: Shutting down and abandoning module PackagesDialog (128)
[2015.03.23-03.40.11:443][409]LogModuleManager: Shutting down and abandoning module AssetRegistry (127)
[2015.03.23-03.40.11:485][409]LogModuleManager: Shutting down and abandoning module Persona (126)
[2015.03.23-03.40.11:485][409]LogModuleManager: Shutting down and abandoning module SlateReflector (125)
[2015.03.23-03.40.11:485][409]LogModuleManager: Shutting down and abandoning module LevelEditor (124)
[2015.03.23-03.40.11:485][409]LogModuleManager: Shutting down and abandoning module Kismet (123)
[2015.03.23-03.40.11:485][409]LogModuleManager: Shutting down and abandoning module GraphEditor (122)
[2015.03.23-03.40.11:486][409]LogModuleManager: Shutting down and abandoning module ClassViewer (121)
[2015.03.23-03.40.11:486][409]LogModuleManager: Shutting down and abandoning module Toolbox (120)
[2015.03.23-03.40.11:486][409]LogModuleManager: Shutting down and abandoning module ModuleUI (119)
[2015.03.23-03.40.11:486][409]LogModuleManager: Shutting down and abandoning module MovieSceneTools (118)
[2015.03.23-03.40.11:486][409]LogModuleManager: Shutting down and abandoning module OutputLog (117)
[2015.03.23-03.40.11:486][409]LogModuleManager: Shutting down and abandoning module GammaUI (116)
[2015.03.23-03.40.11:486][409]LogModuleManager: Shutting down and abandoning module Documentation (115)
[2015.03.23-03.40.11:486][409]LogModuleManager: Shutting down and abandoning module GameLiveStreaming (114)
[2015.03.23-03.40.11:486][409]LogModuleManager: Shutting down and abandoning module StreamingPauseRendering (113)
[2015.03.23-03.40.11:486][409]LogModuleManager: Shutting down and abandoning module HTTP (112)
[2015.03.23-03.40.11:486][409]LogModuleManager: Shutting down and abandoning module AnalyticsET (111)
[2015.03.23-03.40.11:486][409]LogModuleManager: Shutting down and abandoning module Analytics (110)
[2015.03.23-03.40.11:486][409]LogModuleManager: Shutting down and abandoning module AITestSuite (109)
[2015.03.23-03.40.11:486][409]LogModuleManager: Shutting down and abandoning module GameplayDebugger (108)
[2015.03.23-03.40.11:486][409]LogModuleManager: Shutting down and abandoning module AIModule (107)
[2015.03.23-03.40.11:486][409]LogModuleManager: Shutting down and abandoning module ProfilerService (106)
[2015.03.23-03.40.11:613][409]LogModuleManager: Shutting down and abandoning module TaskGraph (105)
[2015.03.23-03.40.11:613][409]LogModuleManager: Shutting down and abandoning module SlateRemote (104)
[2015.03.23-03.40.11:613][409]LogModuleManager: Shutting down and abandoning module ScriptEditorPlugin (103)
[2015.03.23-03.40.11:613][409]LogModuleManager: Shutting down and abandoning module CustomMeshComponent (102)
[2015.03.23-03.40.11:613][409]LogModuleManager: Shutting down and abandoning module CableComponent (101)
[2015.03.23-03.40.11:613][409]LogModuleManager: Shutting down and abandoning module MessagingDebugger (100)
[2015.03.23-03.40.11:613][409]LogModuleManager: Shutting down and abandoning module MediaPlayerEditor (99)
[2015.03.23-03.40.11:613][409]LogModuleManager: Shutting down and abandoning module SpeedTreeImporter (98)
[2015.03.23-03.40.11:613][409]LogModuleManager: Shutting down and abandoning module PluginsEditor (97)
[2015.03.23-03.40.11:613][409]LogModuleManager: Shutting down and abandoning module MainFrame (96)
[2015.03.23-03.40.11:613][409]LogModuleManager: Shutting down and abandoning module EpicSurvey (95)
[2015.03.23-03.40.11:613][409]LogModuleManager: Shutting down and abandoning module DesktopPlatform (94)
[2015.03.23-03.40.11:613][409]LogModuleManager: Shutting down and abandoning module DirectoryWatcher (93)
[2015.03.23-03.40.11:613][409]LogModuleManager: Shutting down and abandoning module HotReload (92)
[2015.03.23-03.40.11:613][409]LogModuleManager: Shutting down and abandoning module VisualStudioSourceCodeAccess (91)
[2015.03.23-03.40.11:613][409]LogModuleManager: Shutting down and abandoning module UObjectPlugin (90)
[2015.03.23-03.40.11:613][409]LogModuleManager: Shutting down and abandoning module SubversionSourceControl (89)
[2015.03.23-03.40.11:613][409]LogModuleManager: Shutting down and abandoning module PerforceSourceControl (88)
[2015.03.23-03.40.11:613][409]LogModuleManager: Shutting down and abandoning module SourceControl (87)
[2015.03.23-03.40.11:613][409]LogModuleManager: Shutting down and abandoning module GitSourceControl (86)
[2015.03.23-03.40.11:613][409]LogModuleManager: Shutting down and abandoning module BlankPlugin (85)
[2015.03.23-03.40.11:613][409]LogModuleManager: Shutting down and abandoning module PaperTiledImporter (84)
[2015.03.23-03.40.11:613][409]LogModuleManager: Shutting down and abandoning module PaperJsonImporter (83)
[2015.03.23-03.40.11:613][409]LogModuleManager: Shutting down and abandoning module ContentBrowser (82)
[2015.03.23-03.40.11:614][409]LogModuleManager: Shutting down and abandoning module Paper2DEditor (81)
[2015.03.23-03.40.11:614][409]LogModuleManager: Shutting down and abandoning module ScriptPlugin (80)
[2015.03.23-03.40.11:614][409]LogModuleManager: Shutting down and abandoning module UdpMessaging (79)
[2015.03.23-03.40.11:715][409]LogModuleManager: Shutting down and abandoning module Paper2D (78)
[2015.03.23-03.40.11:715][409]LogModuleManager: Shutting down and abandoning module WindowsMoviePlayer (77)
[2015.03.23-03.40.11:716][409]LogModuleManager: Shutting down and abandoning module Media (76)
[2015.03.23-03.40.11:717][409]LogModuleManager: Shutting down and abandoning module WmfMedia (75)
[2015.03.23-03.40.11:717][409]LogModuleManager: Shutting down and abandoning module OnlineBlueprintSupport (74)
[2015.03.23-03.40.11:717][409]LogModuleManager: Shutting down and abandoning module PropertyEditor (73)
[2015.03.23-03.40.11:717][409]LogModuleManager: Shutting down and abandoning module BehaviorTreeEditor (72)
[2015.03.23-03.40.11:717][409]LogModuleManager: Shutting down and abandoning module FunctionalTesting (71)
[2015.03.23-03.40.11:717][409]LogModuleManager: Shutting down and abandoning module CollisionAnalyzer (70)
[2015.03.23-03.40.11:717][409]LogModuleManager: Shutting down and abandoning module WorkspaceMenuStructure (69)
[2015.03.23-03.40.11:717][409]LogModuleManager: Shutting down and abandoning module MessageLog (68)
[2015.03.23-03.40.11:717][409]LogModuleManager: Shutting down and abandoning module Sequencer (67)
[2015.03.23-03.40.11:717][409]LogModuleManager: Shutting down and abandoning module AssetTools (66)
[2015.03.23-03.40.11:717][409]LogModuleManager: Shutting down and abandoning module UMGEditor (65)
[2015.03.23-03.40.11:717][409]LogModuleManager: Shutting down and abandoning module UMG (64)
[2015.03.23-03.40.11:717][409]LogModuleManager: Shutting down and abandoning module Slate (63)
[2015.03.23-03.40.11:717][409]LogModuleManager: Shutting down and abandoning module EditorStyle (62)
[2015.03.23-03.40.11:726][409]LogModuleManager: Shutting down and abandoning module SessionServices (61)
[2015.03.23-03.40.11:726][409]LogModuleManager: Shutting down and abandoning module SourceCodeAccess (60)
[2015.03.23-03.40.11:726][409]LogModuleManager: Shutting down and abandoning module HeadMountedDisplay (59)
[2015.03.23-03.40.11:726][409]LogModuleManager: Shutting down and abandoning module XAudio2 (58)
[2015.03.23-03.40.11:726][409]LogModuleManager: Shutting down and abandoning module Networking (56)
[2015.03.23-03.40.11:726][409]LogModuleManager: Shutting down and abandoning module Core (55)
[2015.03.23-03.40.11:726][409]LogModuleManager: Shutting down and abandoning module KismetCompiler (54)
[2015.03.23-03.40.11:727][409]LogModuleManager: Shutting down and abandoning module PhysXFormats (53)
[2015.03.23-03.40.11:727][409]LogModuleManager: Shutting down and abandoning module MeshUtilities (52)
[2015.03.23-03.40.11:727][409]LogModuleManager: Shutting down and abandoning module DerivedDataCache (51)
[2015.03.23-03.40.11:795][409]LogDerivedDataCache: Shutdown
[2015.03.23-03.40.11:795][409]LogModuleManager: Shutting down and abandoning module ShaderFormatOpenGL (50)
[2015.03.23-03.40.11:795][409]LogModuleManager: Shutting down and abandoning module ShaderFormatD3D (49)
[2015.03.23-03.40.11:795][409]LogModuleManager: Shutting down and abandoning module MetalShaderFormat (48)
[2015.03.23-03.40.11:795][409]LogModuleManager: Shutting down and abandoning module TextureFormatUncompressed (47)
[2015.03.23-03.40.11:795][409]LogModuleManager: Shutting down and abandoning module TextureFormatPVR (46)
[2015.03.23-03.40.11:795][409]LogModuleManager: Shutting down and abandoning module TextureFormatIntelISPCTexComp (45)
[2015.03.23-03.40.11:795][409]LogModuleManager: Shutting down and abandoning module TextureFormatDXT (44)
[2015.03.23-03.40.11:795][409]LogModuleManager: Shutting down and abandoning module ImageWrapper (43)
[2015.03.23-03.40.11:795][409]LogModuleManager: Shutting down and abandoning module TextureFormatASTC (42)
[2015.03.23-03.40.11:795][409]LogModuleManager: Shutting down and abandoning module TextureFormatAndroid (41)
[2015.03.23-03.40.11:795][409]LogModuleManager: Shutting down and abandoning module AudioFormatOpus (40)
[2015.03.23-03.40.11:795][409]LogModuleManager: Shutting down and abandoning module AudioFormatOgg (39)
[2015.03.23-03.40.11:795][409]LogModuleManager: Shutting down and abandoning module AudioFormatADPCM (38)
[2015.03.23-03.40.11:795][409]LogModuleManager: Shutting down and abandoning module LinuxTargetPlatform (37)
[2015.03.23-03.40.11:795][409]LogModuleManager: Shutting down and abandoning module LinuxServerTargetPlatform (36)
[2015.03.23-03.40.11:795][409]LogModuleManager: Shutting down and abandoning module LinuxNoEditorTargetPlatform (35)
[2015.03.23-03.40.11:795][409]LogModuleManager: Shutting down and abandoning module Messaging (34)
[2015.03.23-03.40.11:795][409]LogModuleManager: Shutting down and abandoning module IOSTargetPlatform (33)
[2015.03.23-03.40.11:795][409]LogModuleManager: Shutting down and abandoning module HTML5TargetPlatform (32)
[2015.03.23-03.40.11:795][409]LogModuleManager: Shutting down and abandoning module Android_PVRTCTargetPlatform (31)
[2015.03.23-03.40.11:795][409]LogModuleManager: Shutting down and abandoning module Android_ETC2TargetPlatform (30)
[2015.03.23-03.40.11:795][409]LogModuleManager: Shutting down and abandoning module Android_ETC1TargetPlatform (29)
[2015.03.23-03.40.11:795][409]LogModuleManager: Shutting down and abandoning module Android_ES31TargetPlatform (28)
[2015.03.23-03.40.11:795][409]LogModuleManager: Shutting down and abandoning module Android_DXTTargetPlatform (27)
[2015.03.23-03.40.11:795][409]LogModuleManager: Shutting down and abandoning module Android_ATCTargetPlatform (26)
[2015.03.23-03.40.11:795][409]LogModuleManager: Shutting down and abandoning module AndroidTargetPlatform (25)
[2015.03.23-03.40.11:795][409]LogModuleManager: Shutting down and abandoning module WindowsTargetPlatform (24)
[2015.03.23-03.40.11:795][409]LogModuleManager: Shutting down and abandoning module WindowsServerTargetPlatform (23)
[2015.03.23-03.40.11:795][409]LogModuleManager: Shutting down and abandoning module WindowsNoEditorTargetPlatform (22)
[2015.03.23-03.40.11:795][409]LogModuleManager: Shutting down and abandoning module WindowsClientTargetPlatform (21)
[2015.03.23-03.40.11:795][409]LogModuleManager: Shutting down and abandoning module TargetPlatform (20)
[2015.03.23-03.40.11:795][409]LogModuleManager: Shutting down and abandoning module InputCore (19)
[2015.03.23-03.40.11:795][409]LogModuleManager: Shutting down and abandoning module Settings (18)
[2015.03.23-03.40.11:795][409]LogModuleManager: Shutting down and abandoning module OnlineSubsystem (16)
[2015.03.23-03.40.11:795][409]LogModuleManager: Shutting down and abandoning module OculusRift (15)
[2015.03.23-03.40.11:795][409]LogModuleManager: Shutting down and abandoning module ExampleDeviceProfileSelector (14)
[2015.03.23-03.40.11:795][409]LogModuleManager: Shutting down and abandoning module TextureCompressor (13)
[2015.03.23-03.40.11:795][409]LogModuleManager: Shutting down and abandoning module ShaderCore (12)
[2015.03.23-03.40.11:795][409]LogModuleManager: Shutting down and abandoning module Landscape (11)
[2015.03.23-03.40.11:795][409]LogModuleManager: Shutting down and abandoning module SlateRHIRenderer (10)
[2015.03.23-03.40.11:797][409]LogModuleManager: Shutting down and abandoning module OpenGLDrv (9)
[2015.03.23-03.40.11:797][409]LogModuleManager: Shutting down and abandoning module D3D11RHI (8)
[2015.03.23-03.40.11:797][409]LogModuleManager: Shutting down and abandoning module Renderer (7)
[2015.03.23-03.40.11:797][409]LogModuleManager: Shutting down and abandoning module Engine (6)
[2015.03.23-03.40.11:797][409]LogModuleManager: Shutting down and abandoning module CoreUObject (5)
[2015.03.23-03.40.11:797][409]LogModuleManager: Shutting down and abandoning module NetworkFile (4)
[2015.03.23-03.40.11:797][409]LogModuleManager: Shutting down and abandoning module StreamingFile (3)
[2015.03.23-03.40.11:797][409]LogModuleManager: Shutting down and abandoning module SandboxFile (2)
[2015.03.23-03.40.11:797][409]LogModuleManager: Shutting down and abandoning module PakFile (1)
[2015.03.23-03.40.11:797][409]LogExit: Exiting.
[2015.03.23-03.40.11:806][409]Log file closed, 03/22/15 22:40:11
